# JRE version: OpenJDK Runtime Environment Temurin-21.0.10+7 (21.0.10+7) (build 21.0.10+7-LTS)
# Java VM: OpenJDK 64-Bit Server VM Temurin-21.0.10+7 (21.0.10+7-LTS, mixed mode, sharing, tiered, compressed oops, compressed class ptrs, parallel gc, windows-amd64)
GC Precious Log:
 CardTable entry size: 512
 CPUs: 12 total, 12 available
 Memory: 16107M
 Large Page Support: Disabled
 NUMA Support: Disabled
 Compressed Oops: Enabled (32-bit)
 Alignments: Space 512K, Generation 512K, Heap 2M
 Heap Min Capacity: 100M
 Heap Initial Capacity: 100M
 Heap Max Capacity: 2G
 Pre-touch: Disabled
 Parallel Workers: 10
Heap:
 PSYoungGen      total 5632K, used 5625K [0x00000000d5580000, 0x00000000d6000000, 0x0000000100000000)
  eden space 3584K, 100% used [0x00000000d5580000,0x00000000d5900000,0x00000000d5900000)
  from space 2048K, 99% used [0x00000000d5e00000,0x00000000d5ffe700,0x00000000d6000000)
  to   space 1536K, 0% used [0x00000000d5c80000,0x00000000d5c80000,0x00000000d5e00000)
 ParOldGen       total 1384960K, used 1249334K [0x0000000080000000, 0x00000000d4880000, 0x00000000d5580000)
  object space 1384960K, 90% used [0x0000000080000000,0x00000000cc40d8b0,0x00000000d4880000)
 Metaspace       used 101671K, committed 103360K, reserved 1179648K
  class space    used 9976K, committed 10816K, reserved 1048576K
GC Heap History (20 events):
Event: 8183.845 GC heap before
{Heap before GC invocations=7127 (full 7):
 PSYoungGen      total 6144K, used 5839K [0x00000000d5580000, 0x00000000d5f00000, 0x0000000100000000)
  eden space 3584K, 100% used [0x00000000d5580000,0x00000000d5900000,0x00000000d5900000)
  from space 2560K, 88% used [0x00000000d5c80000,0x00000000d5eb3c80,0x00000000d5f00000)
  to   space 2560K, 0% used [0x00000000d5a00000,0x00000000d5a00000,0x00000000d5c80000)
 ParOldGen       total 1384960K, used 1237428K [0x0000000080000000, 0x00000000d4880000, 0x00000000d5580000)
  object space 1384960K, 89% used [0x0000000080000000,0x00000000cb86d228,0x00000000d4880000)
 Metaspace       used 101669K, committed 103360K, reserved 1179648K
  class space    used 9976K, committed 10816K, reserved 1048576K
}
Event: 8183.854 GC heap after
{Heap after GC invocations=7127 (full 7):
 PSYoungGen      total 6144K, used 2550K [0x00000000d5580000, 0x00000000d6600000, 0x0000000100000000)
  eden space 3584K, 0% used [0x00000000d5580000,0x00000000d5580000,0x00000000d5900000)
  from space 2560K, 99% used [0x00000000d5a00000,0x00000000d5c7d800,0x00000000d5c80000)
  to   space 6656K, 0% used [0x00000000d5f80000,0x00000000d5f80000,0x00000000d6600000)
 ParOldGen       total 1384960K, used 1240487K [0x0000000080000000, 0x00000000d4880000, 0x00000000d5580000)
  object space 1384960K, 89% used [0x0000000080000000,0x00000000cbb69ee8,0x00000000d4880000)
 Metaspace       used 101669K, committed 103360K, reserved 1179648K
  class space    used 9976K, committed 10816K, reserved 1048576K
}
Event: 8184.409 GC heap before
{Heap before GC invocations=7128 (full 7):
 PSYoungGen      total 6144K, used 6133K [0x00000000d5580000, 0x00000000d6600000, 0x0000000100000000)
  eden space 3584K, 99% used [0x00000000d5580000,0x00000000d58fff58,0x00000000d5900000)
  from space 2560K, 99% used [0x00000000d5a00000,0x00000000d5c7d800,0x00000000d5c80000)
  to   space 6656K, 0% used [0x00000000d5f80000,0x00000000d5f80000,0x00000000d6600000)
 ParOldGen       total 1384960K, used 1240487K [0x0000000080000000, 0x00000000d4880000, 0x00000000d5580000)
  object space 1384960K, 89% used [0x0000000080000000,0x00000000cbb69ee8,0x00000000d4880000)
 Metaspace       used 101669K, committed 103360K, reserved 1179648K
  class space    used 9976K, committed 10816K, reserved 1048576K
}
Event: 8184.425 GC heap after
{Heap after GC invocations=7128 (full 7):
 PSYoungGen      total 5120K, used 1228K [0x00000000d5580000, 0x00000000d6100000, 0x0000000100000000)
  eden space 3584K, 0% used [0x00000000d5580000,0x00000000d5580000,0x00000000d5900000)
  from space 1536K, 79% used [0x00000000d5f80000,0x00000000d60b3000,0x00000000d6100000)
  to   space 3072K, 0% used [0x00000000d5b00000,0x00000000d5b00000,0x00000000d5e00000)
 ParOldGen       total 1384960K, used 1242903K [0x0000000080000000, 0x00000000d4880000, 0x00000000d5580000)
  object space 1384960K, 89% used [0x0000000080000000,0x00000000cbdc5ee8,0x00000000d4880000)
 Metaspace       used 101669K, committed 103360K, reserved 1179648K
  class space    used 9976K, committed 10816K, reserved 1048576K
}
Event: 8184.774 GC heap before
{Heap before GC invocations=7129 (full 7):
 PSYoungGen      total 5120K, used 4811K [0x00000000d5580000, 0x00000000d6100000, 0x0000000100000000)
  eden space 3584K, 99% used [0x00000000d5580000,0x00000000d58ffff8,0x00000000d5900000)
  from space 1536K, 79% used [0x00000000d5f80000,0x00000000d60b3000,0x00000000d6100000)
  to   space 3072K, 0% used [0x00000000d5b00000,0x00000000d5b00000,0x00000000d5e00000)
 ParOldGen       total 1384960K, used 1242903K [0x0000000080000000, 0x00000000d4880000, 0x00000000d5580000)
  object space 1384960K, 89% used [0x0000000080000000,0x00000000cbdc5ee8,0x00000000d4880000)
 Metaspace       used 101669K, committed 103360K, reserved 1179648K
  class space    used 9976K, committed 10816K, reserved 1048576K
}
Event: 8184.782 GC heap after
{Heap after GC invocations=7129 (full 7):
 PSYoungGen      total 6656K, used 352K [0x00000000d5580000, 0x00000000d6000000, 0x0000000100000000)
  eden space 3584K, 0% used [0x00000000d5580000,0x00000000d5580000,0x00000000d5900000)
  from space 3072K, 11% used [0x00000000d5b00000,0x00000000d5b58000,0x00000000d5e00000)
  to   space 1024K, 0% used [0x00000000d5f00000,0x00000000d5f00000,0x00000000d6000000)
 ParOldGen       total 1384960K, used 1243810K [0x0000000080000000, 0x00000000d4880000, 0x00000000d5580000)
  object space 1384960K, 89% used [0x0000000080000000,0x00000000cbea89c8,0x00000000d4880000)
 Metaspace       used 101669K, committed 103360K, reserved 1179648K
  class space    used 9976K, committed 10816K, reserved 1048576K
}
Event: 8185.048 GC heap before
{Heap before GC invocations=7130 (full 7):
 PSYoungGen      total 6656K, used 3936K [0x00000000d5580000, 0x00000000d6000000, 0x0000000100000000)
  eden space 3584K, 100% used [0x00000000d5580000,0x00000000d5900000,0x00000000d5900000)
  from space 3072K, 11% used [0x00000000d5b00000,0x00000000d5b58000,0x00000000d5e00000)
  to   space 1024K, 0% used [0x00000000d5f00000,0x00000000d5f00000,0x00000000d6000000)
 ParOldGen       total 1384960K, used 1243810K [0x0000000080000000, 0x00000000d4880000, 0x00000000d5580000)
  object space 1384960K, 89% used [0x0000000080000000,0x00000000cbea89c8,0x00000000d4880000)
 Metaspace       used 101671K, committed 103360K, reserved 1179648K
  class space    used 9976K, committed 10816K, reserved 1048576K
}
Event: 8185.054 GC heap after
{Heap after GC invocations=7130 (full 7):
 PSYoungGen      total 4096K, used 288K [0x00000000d5580000, 0x00000000d5f80000, 0x0000000100000000)
  eden space 3584K, 0% used [0x00000000d5580000,0x00000000d5580000,0x00000000d5900000)
  from space 512K, 56% used [0x00000000d5f00000,0x00000000d5f48000,0x00000000d5f80000)
  to   space 512K, 0% used [0x00000000d5e80000,0x00000000d5e80000,0x00000000d5f00000)
 ParOldGen       total 1384960K, used 1243966K [0x0000000080000000, 0x00000000d4880000, 0x00000000d5580000)
  object space 1384960K, 89% used [0x0000000080000000,0x00000000cbecf910,0x00000000d4880000)
 Metaspace       used 101671K, committed 103360K, reserved 1179648K
  class space    used 9976K, committed 10816K, reserved 1048576K
}
Event: 8186.569 GC heap before
{Heap before GC invocations=7131 (full 7):
 PSYoungGen      total 4096K, used 3872K [0x00000000d5580000, 0x00000000d5f80000, 0x0000000100000000)
  eden space 3584K, 100% used [0x00000000d5580000,0x00000000d5900000,0x00000000d5900000)
  from space 512K, 56% used [0x00000000d5f00000,0x00000000d5f48000,0x00000000d5f80000)
  to   space 512K, 0% used [0x00000000d5e80000,0x00000000d5e80000,0x00000000d5f00000)
 ParOldGen       total 1384960K, used 1243966K [0x0000000080000000, 0x00000000d4880000, 0x00000000d5580000)
  object space 1384960K, 89% used [0x0000000080000000,0x00000000cbecf910,0x00000000d4880000)
 Metaspace       used 101671K, committed 103360K, reserved 1179648K
  class space    used 9976K, committed 10816K, reserved 1048576K
}
Event: 8186.574 GC heap after
{Heap after GC invocations=7131 (full 7):
 PSYoungGen      total 4096K, used 288K [0x00000000d5580000, 0x00000000d5f80000, 0x0000000100000000)
  eden space 3584K, 0% used [0x00000000d5580000,0x00000000d5580000,0x00000000d5900000)
  from space 512K, 56% used [0x00000000d5e80000,0x00000000d5ec8000,0x00000000d5f00000)
  to   space 512K, 0% used [0x00000000d5f00000,0x00000000d5f00000,0x00000000d5f80000)
 ParOldGen       total 1384960K, used 1244022K [0x0000000080000000, 0x00000000d4880000, 0x00000000d5580000)
  object space 1384960K, 89% used [0x0000000080000000,0x00000000cbedd910,0x00000000d4880000)
 Metaspace       used 101671K, committed 103360K, reserved 1179648K
  class space    used 9976K, committed 10816K, reserved 1048576K
}
Event: 8186.671 GC heap before
{Heap before GC invocations=7132 (full 7):
 PSYoungGen      total 4096K, used 3872K [0x00000000d5580000, 0x00000000d5f80000, 0x0000000100000000)
  eden space 3584K, 100% used [0x00000000d5580000,0x00000000d5900000,0x00000000d5900000)
  from space 512K, 56% used [0x00000000d5e80000,0x00000000d5ec8000,0x00000000d5f00000)
  to   space 512K, 0% used [0x00000000d5f00000,0x00000000d5f00000,0x00000000d5f80000)
 ParOldGen       total 1384960K, used 1244022K [0x0000000080000000, 0x00000000d4880000, 0x00000000d5580000)
  object space 1384960K, 89% used [0x0000000080000000,0x00000000cbedd910,0x00000000d4880000)
 Metaspace       used 101671K, committed 103360K, reserved 1179648K
  class space    used 9976K, committed 10816K, reserved 1048576K
}
Event: 8186.675 GC heap after
{Heap after GC invocations=7132 (full 7):
 PSYoungGen      total 4096K, used 256K [0x00000000d5580000, 0x00000000d5f80000, 0x0000000100000000)
  eden space 3584K, 0% used [0x00000000d5580000,0x00000000d5580000,0x00000000d5900000)
  from space 512K, 50% used [0x00000000d5f00000,0x00000000d5f40000,0x00000000d5f80000)
  to   space 512K, 0% used [0x00000000d5e80000,0x00000000d5e80000,0x00000000d5f00000)
 ParOldGen       total 1384960K, used 1244062K [0x0000000080000000, 0x00000000d4880000, 0x00000000d5580000)
  object space 1384960K, 89% used [0x0000000080000000,0x00000000cbee7910,0x00000000d4880000)
 Metaspace       used 101671K, committed 103360K, reserved 1179648K
  class space    used 9976K, committed 10816K, reserved 1048576K
}
Event: 8186.728 GC heap before
{Heap before GC invocations=7133 (full 7):
 PSYoungGen      total 4096K, used 3840K [0x00000000d5580000, 0x00000000d5f80000, 0x0000000100000000)
  eden space 3584K, 100% used [0x00000000d5580000,0x00000000d5900000,0x00000000d5900000)
  from space 512K, 50% used [0x00000000d5f00000,0x00000000d5f40000,0x00000000d5f80000)
  to   space 512K, 0% used [0x00000000d5e80000,0x00000000d5e80000,0x00000000d5f00000)
 ParOldGen       total 1384960K, used 1244062K [0x0000000080000000, 0x00000000d4880000, 0x00000000d5580000)
  object space 1384960K, 89% used [0x0000000080000000,0x00000000cbee7910,0x00000000d4880000)
 Metaspace       used 101671K, committed 103360K, reserved 1179648K
  class space    used 9976K, committed 10816K, reserved 1048576K
}
Event: 8186.732 GC heap after
{Heap after GC invocations=7133 (full 7):
 PSYoungGen      total 4096K, used 511K [0x00000000d5580000, 0x00000000d5f80000, 0x0000000100000000)
  eden space 3584K, 0% used [0x00000000d5580000,0x00000000d5580000,0x00000000d5900000)
  from space 512K, 99% used [0x00000000d5e80000,0x00000000d5efffb8,0x00000000d5f00000)
  to   space 512K, 0% used [0x00000000d5f00000,0x00000000d5f00000,0x00000000d5f80000)
 ParOldGen       total 1384960K, used 1244760K [0x0000000080000000, 0x00000000d4880000, 0x00000000d5580000)
  object space 1384960K, 89% used [0x0000000080000000,0x00000000cbf960c0,0x00000000d4880000)
 Metaspace       used 101671K, committed 103360K, reserved 1179648K
  class space    used 9976K, committed 10816K, reserved 1048576K
}
Event: 8186.762 GC heap before
{Heap before GC invocations=7134 (full 7):
 PSYoungGen      total 4096K, used 4095K [0x00000000d5580000, 0x00000000d5f80000, 0x0000000100000000)
  eden space 3584K, 99% used [0x00000000d5580000,0x00000000d58ffff0,0x00000000d5900000)
  from space 512K, 99% used [0x00000000d5e80000,0x00000000d5efffb8,0x00000000d5f00000)
  to   space 512K, 0% used [0x00000000d5f00000,0x00000000d5f00000,0x00000000d5f80000)
 ParOldGen       total 1384960K, used 1244760K [0x0000000080000000, 0x00000000d4880000, 0x00000000d5580000)
  object space 1384960K, 89% used [0x0000000080000000,0x00000000cbf960c0,0x00000000d4880000)
 Metaspace       used 101671K, committed 103360K, reserved 1179648K
  class space    used 9976K, committed 10816K, reserved 1048576K
}
Event: 8186.769 GC heap after
{Heap after GC invocations=7134 (full 7):
 PSYoungGen      total 4096K, used 512K [0x00000000d5580000, 0x00000000d5f80000, 0x0000000100000000)
  eden space 3584K, 0% used [0x00000000d5580000,0x00000000d5580000,0x00000000d5900000)
  from space 512K, 100% used [0x00000000d5f00000,0x00000000d5f80000,0x00000000d5f80000)
  to   space 1536K, 0% used [0x00000000d5c80000,0x00000000d5c80000,0x00000000d5e00000)
 ParOldGen       total 1384960K, used 1245572K [0x0000000080000000, 0x00000000d4880000, 0x00000000d5580000)
  object space 1384960K, 89% used [0x0000000080000000,0x00000000cc0610b8,0x00000000d4880000)
 Metaspace       used 101671K, committed 103360K, reserved 1179648K
  class space    used 9976K, committed 10816K, reserved 1048576K
}
Event: 8186.801 GC heap before
{Heap before GC invocations=7135 (full 7):
 PSYoungGen      total 4096K, used 4096K [0x00000000d5580000, 0x00000000d5f80000, 0x0000000100000000)
  eden space 3584K, 100% used [0x00000000d5580000,0x00000000d5900000,0x00000000d5900000)
  from space 512K, 100% used [0x00000000d5f00000,0x00000000d5f80000,0x00000000d5f80000)
  to   space 1536K, 0% used [0x00000000d5c80000,0x00000000d5c80000,0x00000000d5e00000)
 ParOldGen       total 1384960K, used 1245572K [0x0000000080000000, 0x00000000d4880000, 0x00000000d5580000)
  object space 1384960K, 89% used [0x0000000080000000,0x00000000cc0610b8,0x00000000d4880000)
 Metaspace       used 101671K, committed 103360K, reserved 1179648K
  class space    used 9976K, committed 10816K, reserved 1048576K
}
Event: 8186.812 GC heap after
{Heap after GC invocations=7135 (full 7):
 PSYoungGen      total 5120K, used 1536K [0x00000000d5580000, 0x00000000d6000000, 0x0000000100000000)
  eden space 3584K, 0% used [0x00000000d5580000,0x00000000d5580000,0x00000000d5900000)
  from space 1536K, 100% used [0x00000000d5c80000,0x00000000d5e00000,0x00000000d5e00000)
  to   space 2048K, 0% used [0x00000000d5e00000,0x00000000d5e00000,0x00000000d6000000)
 ParOldGen       total 1384960K, used 1247246K [0x0000000080000000, 0x00000000d4880000, 0x00000000d5580000)
  object space 1384960K, 90% used [0x0000000080000000,0x00000000cc2038b0,0x00000000d4880000)
 Metaspace       used 101671K, committed 103360K, reserved 1179648K
  class space    used 9976K, committed 10816K, reserved 1048576K
}
Event: 8186.852 GC heap before
{Heap before GC invocations=7136 (full 7):
 PSYoungGen      total 5120K, used 5068K [0x00000000d5580000, 0x00000000d6000000, 0x0000000100000000)
  eden space 3584K, 98% used [0x00000000d5580000,0x00000000d58f3180,0x00000000d5900000)
  from space 1536K, 100% used [0x00000000d5c80000,0x00000000d5e00000,0x00000000d5e00000)
  to   space 2048K, 0% used [0x00000000d5e00000,0x00000000d5e00000,0x00000000d6000000)
 ParOldGen       total 1384960K, used 1247246K [0x0000000080000000, 0x00000000d4880000, 0x00000000d5580000)
  object space 1384960K, 90% used [0x0000000080000000,0x00000000cc2038b0,0x00000000d4880000)
 Metaspace       used 101671K, committed 103360K, reserved 1179648K
  class space    used 9976K, committed 10816K, reserved 1048576K
}
Event: 8186.868 GC heap after
{Heap after GC invocations=7136 (full 7):
 PSYoungGen      total 5632K, used 2041K [0x00000000d5580000, 0x00000000d6000000, 0x0000000100000000)
  eden space 3584K, 0% used [0x00000000d5580000,0x00000000d5580000,0x00000000d5900000)
  from space 2048K, 99% used [0x00000000d5e00000,0x00000000d5ffe700,0x00000000d6000000)
  to   space 1536K, 0% used [0x00000000d5c80000,0x00000000d5c80000,0x00000000d5e00000)
 ParOldGen       total 1384960K, used 1249334K [0x0000000080000000, 0x00000000d4880000, 0x00000000d5580000)
  object space 1384960K, 90% used [0x0000000080000000,0x00000000cc40d8b0,0x00000000d4880000)
 Metaspace       used 101671K, committed 103360K, reserved 1179648K
  class space    used 9976K, committed 10816K, reserved 1048576K
}

